Arguments: 
  /home/mose/.nvm/versions/node/v16.14.1/bin/node /home/mose/.yarn/bin/yarn.js

PATH: 
  /home/mose/.deno/bin:/home/mose/.local/share/pnpm:/home/mose/.bun/bin:/home/mose/.yarn/bin:/home/mose/.config/yarn/global/node_modules/.bin:/home/mose/.nvm/versions/node/v16.14.1/bin:/home/mose/.asdf/shims:/home/mose/.asdf/bin:/home/mose/.cargo/bin:/usr/local/sbin:/usr/local/bin:/usr/sbin:/usr/bin:/sbin:/bin:/usr/games:/usr/local/games:/snap/bin:/home/mose/.yarn/bin:/home/mose/.local/bin

Yarn version: 
  1.22.18

Node version: 
  16.14.1

Platform: 
  linux x64

Trace: 
  Error: ENOENT: no such file or directory, copyfile '/home/mose/.cache/yarn/v6/npm-glob-parent-6.0.2-6d237d99083950c79290f24c7642a3de9a28f9e3-integrity/node_modules/glob-parent/LICENSE' -> '/home/mose/schools/durian-price-prediction/node_modules/eslint/node_modules/glob-parent/LICENSE'

npm manifest: 
  {
  	"name": "durian-price-prediction",
  	"version": "0.0.1",
  	"private": true,
  	"scripts": {
  		"dev": "vite dev",
  		"build": "vite build",
  		"preview": "vite preview",
  		"test": "playwright test",
  		"check": "svelte-kit sync && svelte-check --tsconfig ./tsconfig.json",
  		"check:watch": "svelte-kit sync && svelte-check --tsconfig ./tsconfig.json --watch",
  		"lint": "prettier --plugin-search-dir . --check . && eslint .",
  		"format": "prettier --plugin-search-dir . --write ."
  	},
  	"devDependencies": {
  		"@carbon/charts": "^1.6.3",
  		"@carbon/charts-svelte": "^1.6.3",
  		"@carbon/styles": "^1.19.0",
  		"@playwright/test": "^1.28.1",
  		"@popperjs/core": "^2.11.6",
  		"@sveltejs/adapter-auto": "^1.0.0",
  		"@sveltejs/kit": "^1.0.0",
  		"@typescript-eslint/eslint-plugin": "^5.45.0",
  		"@typescript-eslint/parser": "^5.45.0",
  		"autoprefixer": "^10.4.7",
  		"carbon-components": "^10.58.3",
  		"classnames": "^2.3.2",
  		"d3": "^7.8.0",
  		"eslint": "^8.28.0",
  		"eslint-config-prettier": "^8.5.0",
  		"eslint-plugin-svelte3": "^4.0.0",
  		"flowbite": "^1.5.5",
  		"flowbite-svelte": "^0.29.7",
  		"postcss": "^8.4.14",
  		"postcss-load-config": "^4.0.1",
  		"prettier": "^2.8.0",
  		"prettier-plugin-svelte": "^2.8.1",
  		"svelte": "^3.54.0",
  		"svelte-check": "^2.9.2",
  		"svelte-preprocess": "^4.10.7",
  		"tailwindcss": "^3.1.5",
  		"tslib": "^2.4.1",
  		"typescript": "^4.9.3",
  		"vite": "^4.0.0"
  	},
  	"type": "module"
  }

yarn manifest: 
  No manifest

Lockfile: 
  No lockfile
